Build started 12/05/2012 22:45:41.
     1>Project "D:\Projects\planeuncertainty\PlaneUncertainty\PlaneUncertainty\PlaneUncertainty.vcxproj" on node 2 (build target(s)).
     1>InitializeBuildStatus:
         Touching "Debug\PlaneUncertainty.unsuccessfulbuild".
       ClCompile:
         d:\Programs\Microsoft Visual Studio 2010\VC\bin\CL.exe /c /ZI /nologo /W3 /WX- /Od /Oy- /D WIN32 /D _DEBUG /D _WINDOWS /D _MBCS /Gm /EHsc /RTC1 /MDd /GS /fp:precise /Zc:wchar_t /Zc:forScope /Fo"Debug\\" /Fd"Debug\vc100.pdb" /Gd /TP /analyze- /errorReport:prompt Source\TinyXML\tinyxmlerror.cpp
         tinyxmlerror.cpp
       ResourceCompile:
         All outputs are up-to-date.
       ManifestResourceCompile:
         All outputs are up-to-date.
       Link:
         d:\Programs\Microsoft Visual Studio 2010\VC\bin\link.exe /ERRORREPORT:PROMPT /OUT:"D:\Projects\planeuncertainty\PlaneUncertainty\Debug\PlaneUncertainty.exe" /INCREMENTAL /NOLOGO /LIBPATH:"D:\Programs\Microsoft Directx (june 2010)\\" d3dx9d.lib d3d9.lib kernel32.lib user32.lib gdi32.lib winspool.lib comdlg32.lib advapi32.lib shell32.lib ole32.lib oleaut32.lib uuid.lib odbc32.lib odbccp32.lib /MANIFEST /ManifestFile:"Debug\PlaneUncertainty.exe.intermediate.manifest" /MANIFESTUAC:"level='asInvoker' uiAccess='false'" /DEBUG /PDB:"D:\Projects\planeuncertainty\PlaneUncertainty\Debug\PlaneUncertainty.pdb" /SUBSYSTEM:WINDOWS /TLBID:1 /DYNAMICBASE /NXCOMPAT /IMPLIB:"D:\Projects\planeuncertainty\PlaneUncertainty\Debug\PlaneUncertainty.lib" /MACHINE:X86 Debug\PlaneUncertainty.res
         Debug\PlaneUncertainty.exe.embed.manifest.res
         Debug\Renderable.obj
         Debug\Application.obj
         Debug\Component.obj
         Debug\Entity.obj
         Debug\Renderer.obj
         Debug\Sprite.obj
         Debug\GameTime.obj
         Debug\tinystr.obj
         Debug\tinyxml.obj
         Debug\tinyxmlerror.obj
         Debug\tinyxmlparser.obj
       Manifest:
         C:\Program Files (x86)\Microsoft SDKs\Windows\v7.0A\bin\mt.exe /nologo /verbose /out:"Debug\PlaneUncertainty.exe.embed.manifest" /manifest Debug\PlaneUncertainty.exe.intermediate.manifest
         All outputs are up-to-date.
       LinkEmbedManifest:
         All outputs are up-to-date.
         PlaneUncertainty.vcxproj -> D:\Projects\planeuncertainty\PlaneUncertainty\Debug\PlaneUncertainty.exe
       FinalizeBuildStatus:
         Deleting file "Debug\PlaneUncertainty.unsuccessfulbuild".
         Touching "Debug\PlaneUncertainty.lastbuildstate".
     1>Done Building Project "D:\Projects\planeuncertainty\PlaneUncertainty\PlaneUncertainty\PlaneUncertainty.vcxproj" (build target(s)).

Build succeeded.

Time Elapsed 00:00:00.34
