Build started 14/08/2011 16:29:16.
     1>Project "D:\Projects\YourWorld\OpenSourceResources\OpenSourceResources.vcxproj" on node 2 (build target(s)).
     1>InitializeBuildStatus:
         Creating "Final\OpenSourceResources.unsuccessfulbuild" because "AlwaysCreate" was specified.
       ClCompile:
         All outputs are up-to-date.
         C:\Program Files (x86)\Microsoft Visual Studio 10.0\VC\bin\CL.exe /c /Zi /nologo /W3 /WX- /O2 /Oi /Oy- /GL /D WIN32 /D _SCL_SECURE_NO_WARNINGS /D NDEBUG /D _LIB /D _FINAL /D _UNICODE /D UNICODE /Gm- /EHsc /MD /GS /Gy /fp:precise /Zc:wchar_t /Zc:forScope /Fo"Final\\" /Fd"Final\vc100.pdb" /Gd /TP /FI../GlobalDefines.h /analyze- /errorReport:prompt tinystr.cpp tinyxml.cpp tinyxmlerror.cpp tinyxmlparser.cpp
         tinystr.cpp
         tinyxml.cpp
         tinyxmlerror.cpp
         tinyxmlparser.cpp
       Lib:
         C:\Program Files (x86)\Microsoft Visual Studio 10.0\VC\bin\Lib.exe /OUT:"D:\Projects\YourWorld\Final\OpenSourceResources.lib" /NOLOGO /LTCG Final\tinystr.obj
         Final\tinyxml.obj
         Final\tinyxmlerror.obj
         Final\tinyxmlparser.obj
         OpenSourceResources.vcxproj -> D:\Projects\YourWorld\Final\OpenSourceResources.lib
       FinalizeBuildStatus:
         Deleting file "Final\OpenSourceResources.unsuccessfulbuild".
         Touching "Final\OpenSourceResources.lastbuildstate".
     1>Done Building Project "D:\Projects\YourWorld\OpenSourceResources\OpenSourceResources.vcxproj" (build target(s)).

Build succeeded.

Time Elapsed 00:00:00.71
