Build started 13/05/2012 13:51:51.
     1>Project "D:\Desktop\Memory Manager\Memory Manager\Memory Manager.vcxproj" on node 2 (build target(s)).
     1>InitializeBuildStatus:
         Creating "Debug\Memory Manager.unsuccessfulbuild" because "AlwaysCreate" was specified.
       ClCompile:
         d:\Programs\Microsoft Visual Studio 2010\VC\bin\CL.exe /c /ZI /nologo /W3 /WX- /Od /Oy- /D WIN32 /D _DEBUG /D _CONSOLE /D _UNICODE /D UNICODE /Gm /EHsc /RTC1 /MDd /GS /fp:precise /Zc:wchar_t /Zc:forScope /Fo"Debug\\" /Fd"Debug\vc100.pdb" /Gd /TP /analyze- /errorReport:prompt ..\MemoryManager.cpp
         MemoryManager.cpp
     1>d:\desktop\memory manager\memorymanager.cpp(126): warning C4018: '>' : signed/unsigned mismatch
     1>d:\desktop\memory manager\memorymanager.cpp(144): warning C4018: '<' : signed/unsigned mismatch
     1>d:\desktop\memory manager\memorymanager.cpp(68): warning C4715: 'MemoryManager::allocate' : not all control paths return a value
       ManifestResourceCompile:
         All outputs are up-to-date.
       Link:
         d:\Programs\Microsoft Visual Studio 2010\VC\bin\link.exe /ERRORREPORT:PROMPT /OUT:"D:\Desktop\Memory Manager\Debug\Memory Manager.exe" /INCREMENTAL /NOLOGO kernel32.lib user32.lib gdi32.lib winspool.lib comdlg32.lib advapi32.lib shell32.lib ole32.lib oleaut32.lib uuid.lib odbc32.lib odbccp32.lib /MANIFEST /ManifestFile:"Debug\Memory Manager.exe.intermediate.manifest" /MANIFESTUAC:"level='asInvoker' uiAccess='false'" /DEBUG /PDB:"D:\Desktop\Memory Manager\Debug\Memory Manager.pdb" /SUBSYSTEM:CONSOLE /TLBID:1 /DYNAMICBASE /NXCOMPAT /IMPLIB:"D:\Desktop\Memory Manager\Debug\Memory Manager.lib" /MACHINE:X86 "Debug\Memory Manager.exe.embed.manifest.res"
         Debug\Main.obj
         Debug\MemoryManager.obj
       Manifest:
         C:\Program Files (x86)\Microsoft SDKs\Windows\v7.0A\bin\mt.exe /nologo /verbose /out:"Debug\Memory Manager.exe.embed.manifest" /manifest "Debug\Memory Manager.exe.intermediate.manifest"
         All outputs are up-to-date.
       LinkEmbedManifest:
         All outputs are up-to-date.
         Memory Manager.vcxproj -> D:\Desktop\Memory Manager\Debug\Memory Manager.exe
       FinalizeBuildStatus:
         Deleting file "Debug\Memory Manager.unsuccessfulbuild".
         Touching "Debug\Memory Manager.lastbuildstate".
     1>Done Building Project "D:\Desktop\Memory Manager\Memory Manager\Memory Manager.vcxproj" (build target(s)).

Build succeeded.

Time Elapsed 00:00:00.49
