Build started 22/12/2013 11:37:12.
     1>Project "D:\Projects\YourWorld\YourWorld\YourWorld.vcxproj" on node 3 (build target(s)).
     1>InitializeBuildStatus:
         Creating "Debug\YourWorld.unsuccessfulbuild" because "AlwaysCreate" was specified.
       ClCompile:
         C:\Program Files (x86)\Microsoft Visual Studio 10.0\VC\bin\CL.exe /c /I../OpenSourceResources /I../DirectX /I"C:\Program Files (x86)\Microsoft DirectX SDK (June 2010)\Include" /ZI /nologo /W3 /WX- /Od /Oy- /D WIN32 /D _DEBUG /D _WINDOWS /D _UNICODE /D UNICODE /Gm /EHsc /RTC1 /MDd /GS /fp:precise /Zc:wchar_t /Zc:forScope /Fo"Debug\\" /Fd"Debug\vc100.pdb" /Gd /TP /FIstatic_vector.h /FI../GlobalDefines.h /analyze- /errorReport:prompt Application\Application_Win32.cpp
         Application_Win32.cpp
       ManifestResourceCompile:
         C:\Program Files (x86)\Microsoft SDKs\Windows\v7.0A\bin\rc.exe /nologo /fo"Debug\YourWorld.exe.embed.manifest.res" Debug\YourWorld_manifest.rc 
       Link:
         C:\Program Files (x86)\Microsoft Visual Studio 10.0\VC\bin\link.exe /ERRORREPORT:PROMPT /OUT:"D:\Projects\YourWorld\Debug\YourWorld.exe" /INCREMENTAL /NOLOGO kernel32.lib user32.lib gdi32.lib winspool.lib comdlg32.lib advapi32.lib shell32.lib ole32.lib oleaut32.lib uuid.lib odbc32.lib odbccp32.lib /MANIFEST /ManifestFile:"Debug\YourWorld.exe.intermediate.manifest" /MANIFESTUAC:"level='asInvoker' uiAccess='false'" /DEBUG /PDB:"D:\Projects\YourWorld\Debug\YourWorld.pdb" /SUBSYSTEM:WINDOWS /TLBID:1 /DYNAMICBASE /NXCOMPAT /IMPLIB:"D:\Projects\YourWorld\Debug\YourWorld.lib" /MACHINE:X86 Debug\YourWorld.exe.embed.manifest.res
         Debug\Application_Win32.obj
         D:\Projects\YourWorld\Debug\OpenSourceResources.lib
         D:\Projects\YourWorld\Debug\DirectX.lib
       Manifest:
         Deleting file "Debug\YourWorld.exe.embed.manifest".
         C:\Program Files (x86)\Microsoft SDKs\Windows\v7.0A\bin\mt.exe /nologo /verbose /out:"Debug\YourWorld.exe.embed.manifest" /manifest Debug\YourWorld.exe.intermediate.manifest
         C:\Program Files (x86)\Microsoft SDKs\Windows\v7.0A\bin\rc.exe /nologo /fo"Debug\YourWorld.exe.embed.manifest.res" Debug\YourWorld_manifest.rc 
       LinkEmbedManifest:
         C:\Program Files (x86)\Microsoft Visual Studio 10.0\VC\bin\link.exe /ERRORREPORT:PROMPT /OUT:"D:\Projects\YourWorld\Debug\YourWorld.exe" /INCREMENTAL /NOLOGO kernel32.lib user32.lib gdi32.lib winspool.lib comdlg32.lib advapi32.lib shell32.lib ole32.lib oleaut32.lib uuid.lib odbc32.lib odbccp32.lib /MANIFEST /ManifestFile:"Debug\YourWorld.exe.intermediate.manifest" /MANIFESTUAC:"level='asInvoker' uiAccess='false'" /DEBUG /PDB:"D:\Projects\YourWorld\Debug\YourWorld.pdb" /SUBSYSTEM:WINDOWS /TLBID:1 /DYNAMICBASE /NXCOMPAT /IMPLIB:"D:\Projects\YourWorld\Debug\YourWorld.lib" /MACHINE:X86 Debug\YourWorld.exe.embed.manifest.res
         Debug\Application_Win32.obj
         D:\Projects\YourWorld\Debug\OpenSourceResources.lib
         D:\Projects\YourWorld\Debug\DirectX.lib
         YourWorld.vcxproj -> D:\Projects\YourWorld\Debug\YourWorld.exe
       FinalizeBuildStatus:
         Deleting file "Debug\YourWorld.unsuccessfulbuild".
         Touching "Debug\YourWorld.lastbuildstate".
     1>Done Building Project "D:\Projects\YourWorld\YourWorld\YourWorld.vcxproj" (build target(s)).

Build succeeded.

Time Elapsed 00:00:07.72
