D:\PROJECTS\EUCRECTICA\DEBUG\EUCRECTICA.EXE
D:\PROJECTS\EUCRECTICA\DEBUG\EUCRECTICA.ILK
D:\PROJECTS\EUCRECTICA\DEBUG\EUCRECTICA.PDB
D:\PROJECTS\EUCRECTICA\EUCRECTICA\DEBUG\APPLICATION_MAIN.OBJ
D:\Projects\Eucrectica\Eucrectica\Debug\cl.command.1.tlog
D:\Projects\Eucrectica\Eucrectica\Debug\CL.read.1.tlog
D:\Projects\Eucrectica\Eucrectica\Debug\CL.write.1.tlog
D:\PROJECTS\EUCRECTICA\EUCRECTICA\DEBUG\CONTENTLOADER.OBJ
D:\PROJECTS\EUCRECTICA\EUCRECTICA\DEBUG\EUCRECTICA.EXE.INTERMEDIATE.MANIFEST
D:\Projects\Eucrectica\Eucrectica\Debug\Eucrectica.write.1.tlog
D:\PROJECTS\EUCRECTICA\EUCRECTICA\DEBUG\INPUT.OBJ
D:\PROJECTS\EUCRECTICA\EUCRECTICA\DEBUG\LEVELGENERATOR.OBJ
D:\Projects\Eucrectica\Eucrectica\Debug\link.command.1.tlog
D:\Projects\Eucrectica\Eucrectica\Debug\link.read.1.tlog
D:\Projects\Eucrectica\Eucrectica\Debug\link.write.1.tlog
D:\PROJECTS\EUCRECTICA\EUCRECTICA\DEBUG\MAP.OBJ
D:\Projects\Eucrectica\Eucrectica\Debug\mt.command.1.tlog
D:\Projects\Eucrectica\Eucrectica\Debug\mt.read.1.tlog
D:\Projects\Eucrectica\Eucrectica\Debug\mt.write.1.tlog
D:\Projects\Eucrectica\Eucrectica\Debug\ResolveAssemblyReference.cache
D:\Projects\Eucrectica\Eucrectica\Debug\vc100.idb
D:\PROJECTS\EUCRECTICA\EUCRECTICA\DEBUG\VC100.PDB
D:\PROJECTS\EUCRECTICA\EUCRECTICA\DEBUG\WORLD.OBJ
