Build started 22/12/2013 11:46:10.
     1>Project "D:\Projects\Eucrectica\HGEModules\HGEModules.vcxproj" on node 2 (build target(s)).
     1>InitializeBuildStatus:
         Creating "Debug\HGEModules.unsuccessfulbuild" because "AlwaysCreate" was specified.
       ClCompile:
         C:\Program Files (x86)\Microsoft Visual Studio 10.0\VC\bin\CL.exe /c /I../Type_And_Define_Library /I../Haaf /ZI /nologo /W3 /WX- /Od /Oy- /D WIN32 /D _DEBUG /D _LIB /D _MBCS /Gm /EHsc /RTC1 /MDd /GS /fp:precise /Zc:wchar_t /Zc:forScope /Fo"Debug\\" /Fd"Debug\vc100.pdb" /Gd /TP /FISafe_Includes.h /analyze- /errorReport:prompt Animation\Animation.cpp Input\Input.cpp Renderer\Renderer.cpp -D_SCL_SECURE_NO_WARNINGS 
         Renderer.cpp
     1>d:\projects\eucrectica\hgemodules\renderer\renderer.cpp(88): warning C4244: 'argument' : conversion from 'float' to 'int', possible loss of data
     1>d:\projects\eucrectica\hgemodules\renderer\renderer.cpp(88): warning C4244: 'argument' : conversion from 'float' to 'int', possible loss of data
         Input.cpp
         Animation.cpp
     1>d:\projects\eucrectica\hgemodules\animation\animation.cpp(15): warning C4244: 'initializing' : conversion from 'float' to 'int', possible loss of data
     1>d:\projects\eucrectica\hgemodules\animation\animation.cpp(36): warning C4244: 'argument' : conversion from 'int' to 'float', possible loss of data
     1>d:\projects\eucrectica\hgemodules\animation\animation.cpp(36): warning C4244: 'argument' : conversion from 'int' to 'float', possible loss of data
     1>d:\projects\eucrectica\hgemodules\animation\animation.cpp(41): warning C4244: 'initializing' : conversion from 'float' to 'int', possible loss of data
     1>d:\projects\eucrectica\hgemodules\animation\animation.cpp(46): warning C4244: 'argument' : conversion from 'int' to 'float', possible loss of data
     1>d:\projects\eucrectica\hgemodules\animation\animation.cpp(46): warning C4244: 'argument' : conversion from 'int' to 'float', possible loss of data
     1>d:\projects\eucrectica\hgemodules\animation\animation.cpp(54): warning C4244: 'argument' : conversion from 'int' to 'float', possible loss of data
     1>d:\projects\eucrectica\hgemodules\animation\animation.cpp(54): warning C4244: 'argument' : conversion from 'int' to 'float', possible loss of data
     1>d:\projects\eucrectica\hgemodules\animation\animation.cpp(61): warning C4244: 'argument' : conversion from 'int' to 'float', possible loss of data
     1>d:\projects\eucrectica\hgemodules\animation\animation.cpp(61): warning C4244: 'argument' : conversion from 'int' to 'float', possible loss of data
     1>d:\projects\eucrectica\hgemodules\animation\animation.cpp(68): warning C4244: 'argument' : conversion from 'int' to 'float', possible loss of data
     1>d:\projects\eucrectica\hgemodules\animation\animation.cpp(68): warning C4244: 'argument' : conversion from 'int' to 'float', possible loss of data
     1>d:\projects\eucrectica\hgemodules\animation\animation.cpp(69): warning C4244: 'argument' : conversion from 'int' to 'float', possible loss of data
     1>d:\projects\eucrectica\hgemodules\animation\animation.cpp(69): warning C4244: 'argument' : conversion from 'int' to 'float', possible loss of data
         Generating Code...
       Lib:
         C:\Program Files (x86)\Microsoft Visual Studio 10.0\VC\bin\Lib.exe /OUT:"D:\Projects\Eucrectica\Debug\HGEModules.lib" ..\Haaf\lib\vc\hge.lib ..\Haaf\lib\vc\hgehelp.lib /NOLOGO Debug\Animation.obj
         Debug\Input.obj
         Debug\Renderer.obj
         HGEModules.vcxproj -> D:\Projects\Eucrectica\Debug\HGEModules.lib
       FinalizeBuildStatus:
         Deleting file "Debug\HGEModules.unsuccessfulbuild".
         Touching "Debug\HGEModules.lastbuildstate".
     1>Done Building Project "D:\Projects\Eucrectica\HGEModules\HGEModules.vcxproj" (build target(s)).

Build succeeded.

Time Elapsed 00:00:10.85
